injector_server: _build/default/contrib/mavkit_injector_server/mavkit_injector_server.exe
dal_echo_kernel: dal_echo_kernel.wasm
debug_kernel: etherlink/kernel_evm/kernel/tests/resources/debug_kernel.wasm
failed_migration: etherlink/kernel_evm/kernel/tests/resources/failed_migration.wasm
basenet_evm_kernel: etherlink/kernel_evm/kernel/tests/resources/basenet_evm_kernel.wasm
evm_kernel: evm_kernel.wasm
accuser_ptatlas: mavkit-accuser-PtAtLas
accuser_ptboreas: mavkit-accuser-PtBoreas
accuser_alpha: mavkit-accuser-alpha
admin_client: mavkit-admin-client
baker_ptatlas: mavkit-baker-PtAtLas
baker_ptboreas: mavkit-baker-PtBoreas
baker_alpha: mavkit-baker-alpha
client: mavkit-client
codec: mavkit-codec
dac_client: mavkit-dac-client
dac_node: mavkit-dac-node
dal_node: mavkit-dal-node
evm_node: mavkit-evm-node
node: mavkit-node
protocol_compiler: mavkit-protocol-compiler
proxy_server: mavkit-proxy-server
signer: mavkit-signer
smart_rollup_node: mavkit-smart-rollup-node
wasm_debugger: mavkit-smart-rollup-wasm-debugger
snoop: mavkit-snoop
smart_rollup_installer: smart-rollup-installer
echo: src/proto_alpha/lib_protocol/test/integration/wasm_kernel/echo.wasm
risc_v_sandbox: src/risc_v
risc_v_sandbox: src/risc_v/risc-v-sandbox
risc_v_sandbox: tezt/tests/riscv-tests/generated
tx_kernel: tx_kernel.wasm
tx_kernel_dal: tx_kernel_dal.wasm
