CoVe5YfzebdZiRujAyWUuFwhov4gnA3LmyjgR5xk25DvkQvsocyo
CoWEeoojoAokB5xNws6LzhWCN86EfvGuTZtSuSRw9AnzGxhpvFZT
CoVvBDtLuAKDksZh4AETfK1deGgWuagfTdGjDhEMoruAB22NjmQX
CoUgBcB8yuLw5ADcopCmt3ziDbxgr3EBbrkJaLdBENWAADchzGtp
CoV8e5mQmRbtLaXFJff9ieeBt3H3MtAYW2sEu2bd3kSRCSpwSGiB
CoUzSWyN4u39WCknV6TJUWynpjU5tsze7Rmr336Ve6Rsuan31Rtu
CoW81vQYQXqY7CHPzcazx6ooZ1jdU2o6oFNMxuNNWGYgY2vFQnDU
CoUzqhhKktNTr22WmiYnSm8sPNhGXNeSa2BGk1TWM1soGEdEnPaG
CoWRT3MyN9ifcXtWANL2XqZ8MFKkWC3JmXorvnYqEMgAgBiJTCRV
CoWJ6qve6FNftYYjGbx98aqTpEXiZ5FBtYoTC8uj5tutircNrmyf
CoWCtwSSzLdB7RSSN4uoCymePBKSjy3CMSDc9NMuPcqrroiPcysM
CoV675PdsGe5oQqJ1izrWCtxNw5Xd5Amq5bJyVwfgE6hx6fjs6Xb
CoVrk8JhYh6f3zetvSvchNsTWq6g9g8e7ZoPHoLykuBnMySSULpH
CoViYtN2y7mFJtPZxsJdqh6zWzvyx95hDKCcGSrgBAVYxxAoPTb8
CoViaoBr4LwuwQZNH39tdXFcc7bMMmdSfbTHBWPpgWpHLMJPXJXF
CoVJQ2A6KR339Qi4vB9cnR9Le3cYFzw3Ar53K9hnLPBAT2hgz8gT
CoW3CXTAxpJundNPpPAcdmzoeTMQL9PEsaqUu8pBzVNRrBKecpWS
CoVM1E47aR5QiVgSe66WWcT5tQZFLBQyfaPg56kGS1CPCr6FMKtS
CoVeKNyCBziZ83GKiYaYmKGjVhHgisr4njtcPRPMYnMsaJ4P4sPk
CoVH5k4z91h66uAih9NqzHAyRpeEFnKHJjzjyFJx2GLqpTLPKLWZ
CoVjzonYLxEjpqLT4wmTYQzJ3JGJk8AJgUDdSVgTxG9qMQEtVZ1x
CoW1jojXLxxfnCW96z2SEuXU3JXuCBsAVTBkeL13bmnJwBPDRVKp
CoVdTzuvMA6PJePL7bu3zH8gP6a6BDxiEDzdtHoMAfvLfmh7ijGS
CoVFLcwHoXir3yAchdUwhhoB4mt1LAZXm3KJsRrzGspHkjiZQjX8
CoUf8JyrpTQL54MCYKHn2KPFPqSENsSnpHBp5N3JVJVk27JHvVzK
CoUgfEFQMvjMTRytg4i6j5Swd8Wa3XGAESeracxXfUC12M3ajy4i
CoWQGf2HSL9DRRSeSP36R1s7DCWosM35TVskFRSWj5ogxZbrLx8L
CoVvz3W1V6vZpJjGgZN9H9rVdPiGpbp2odiaPAibf6zfvHcNZbmY
CoV5dZaEA6HE7kGoBWUGnuHV4AziV3EKgJYc3TEANHjVRshBRL8d
CoWAUWDUA32yuXqzBnUikD8q1PPt8Q8vW7RDvmWk5TfYVRUME1Qr
CoVB8zzXAh2FyBkUDP3pWGGZ2KSi6NH377qYwPJ1ydFAgDWMCqoa
CoV5ohFNE5G5KokwBpzAP4DjiF1pq265ZApc9wWsG5Xmd2iw4by9
CoVjMZTrGp9wh1Jh1noyrXpp6gjo7sSS54cr9ovSpLgtkteJGbfa
CoW3iUTpvLePmXnhQRATEcJYRjVdVEyJTBvMs1BivB1Cght7wn9D
CoVLZpQLTh6YxyYFyB8vfTfmk3ZSdoM3aB1bRoNh4f78Epqhvaw8
CoWKQtjcnmWmn5GNNhUzEUu6WGEyYDu2M1aXAonE1YyjktfKdBUA
CoVhTm86E6wbdxJodcLSVHp9XhAPQ4kz5kzEYf3WVMmr5L7mKCHm
CoVhjPpvduc8xb3S6mwkJFRsjeyCRUhYT9nL29EU6mB47yrCWeKQ
CoVHcSeAEK7uUKyq35SXetp76jy1eoZZHznrNkRFkvMcN3gkZSiJ
CoVyyEAaExNpw9RGqcurG1F7eUdK4ASBHf7YFMsaDAGByed8An51
CoUgk39w1PhzKydBJBfgRcoE9zLDry6vyf5qpRCTDygbQyE2FWnS
CoUqW3u9y8mUijR1iD7Er7Qd4cZWkqD76Xfo25rmekgaSvLycNzp
CoWU36pQWZL5rQsY6XKmiX5fUZTFMTSdFvu3BgwTmgsXgg1wgFDA
CoUpCE3yukijwkXMn1RVwiejwRkWTB17YtgbEY5byAEiyrNAJCfT
CoVkjFTLoEE4FxKPAQEqXtnCYgZ8qT2CTDFdhzCmMFpMukca6Dow
CoVSGemPfuFnjoFX4MiKtzsbarMhgbEmtvDnRJKK73f6oTGLd7wP
CoWALPDv1sncqjaVUKR3GgHHh5cM7EEr3MJndRJs8C2AFBD2PCXs
CoVHHVDq3zVpZbit4p87kLrnsGmmqcceAYiHYduEuoQLh3JyQSsS
CoWGUVGKbVupLW5L41JcQA15CCpna82whVK7LKcHXnH5SUbp5LN9
CoVWmn6cPrCamkvkCLRc6LTsmuKWZesATquZB57z7V6L6U7sVLoC
CoWFBurJuiVkjdHwTMA3q8Hve39fxA2DpqJT3AHCDudBj27R7qAD
CoUtKuFfk22NqGwkZrtRaEYfKJnSjdaS79wRnEVF5JeANY5if8un
CoUyUtwbRPj5PaH4fEhzNNTHnuF2PR3c3tFvtVWVGigVUMvFhgan
CoVpRXy9wrdSxUJbTB5D7L6JEB3fiYSqMc38vFC7WbamCk3aTrn1
CoW7tnhzKxZ5Fp2hzqw14o2NgUUGtAa546mJM7gaj5BQ9Qnpg8U4
CoVeWiWCdSB323FsSPHo1z1H4cUfx34BLGajDKfkDpu3ZXPFXZgd
CoVsSBQPbpQVuq3NgYNUwKpZDpwTohwosaaXtjTTFgkwmv8cvQP2
CoUsXBGz61Wqgc5ZH4txhYCY4zuJ8uFCswy1AtrwwnwED7583YBn
CoVtsmMSSPr2Sit3uPbub9nZBmkJU7GLs5tpciEMMezeLiU2z8YZ
CoVBogEXnPEoigX7hz8JNEJiDM2rBLh5e2Ck2AGKEnTyR26EAZ7U
CoVqRwFsp8mbVTaj241xsc1SGfYSBNn5EdLS6ijGjZenGCPHyRf6
CoWQqGCXUMwchJLytGB2Ekyao55wW1DiKG3chPMHqfCobqg2ZzBJ
CoVKbGt6WCwD8WcaAkiAsAY6ax2dvhF4spzZatXVQasoRA3k4Tu8
CoWUcAmhrss3xGoxspMr6mUWcjPrFocQemfec1iqTVpM71MVok3L
CoVxTtnEsFmJdVkiPbABC6bdzt76LVFa5aCMyfybMZtdzNNGqGpd
CoWFHSmnJ2A89mosS6HpALrVsZDRE7CsUzCc16dEQGCPevgXYQG2
CoVbGHx2fxTTWd6XABDRw3c5HExoRRsMAVpbq9VnjGUx1aja2bvQ
CoWRy9sbbRvxrkW74YmBUPkxXmuTsEdEx6Frwb1VCEzvqGbXTiRU
CoUqfawoa7CMPcFBZfLm1ybZa2jGgBQXe625yZFaWQn1jPjBegLv
CoVozPumyRfAkm9o7p8TuwH2R7GNqEtujjTzc7QCXFtbHczYEdEw
CoVNx6hD1Bur7J5fChHyCTtqkNai3Th5CpwMpVswMyt7hMF4oJzh
CoVRAUavYHvvSENQsKtNypA5VJLVK7JkWUuNg22Nrsz2KtCBUbsn
CoVB9aFsgi2tBrLrXXva5cW8mUbuToaM3GtBuBFhe4FNbNdKMaFd
CoVHzp1s9tfS4UXHpJyFTQdu3gVGSqoDcffKJsDpRUT17KvhexiR
CoUywVxWGv95Y3ChceGFs5QK389QoMUwrKCK3DdhaMoTudUbgNvj
CoVFwHN6hi3FLkDJVJsKgfdvkqcrzk7KzhLG2hCDDVakBJQymreP
CoVQD8WSZsqPp1Y3kjpbPDMMw9pkck2jh5m2YjeTbYbzrLf8Vcqs
CoWa6YYyfndH8rhVMTVz8nCrW2sdafTxjXWop7RrVKqu71iwDimL
CoV6KyCb5YrTND6FmFY5zxgist6SWBtxgCN1L1LSFQQXyMmbyLyc
CoUvMNNVsf331UrHv6Mw2rTYCPfQDaQx87tFp4eg7VN32ezrskTD
CoVXMkioi3PAjtw6UXuoJcSpB6G7btQiafgc8v1yiKSNLD5XNb7v
CoVPvkjdzsYotEHJEWYZWRqBrd6cLx7gw8fDTc8yEKAZDUb7r45U
CoVLtmrQf7SWNvLH1sV3WxRcc3qv3YmAGEWE1uKmzm6i8cSjdxAK
CoVtSsfwai4Gu3FpYwdXCv5yuzETRfQAheAHJd6NNvcYhQZDm7C6
CoVS8NKaTofsCgKPH2711Vw37mcstAFGG4idVR3bMttTfr8dNR2z
CoWSZbb1YAjKqtgKPtLkU72cZW9QL8o321ghNiwnLrhk2gFN5nnV
CoVuAsMrP8hgj1RQo38JBtNrVH9T2LnAZE2MWj2okH262Qq3ifhf
CoUuc7Xjmtnxa3NKdZxMfyoTULbS8p1GMg2rSSFehSpFJAroAQqb
CoV6TJ1aDBHdoctrAfCo3w931mRRaAFz62ebpu4pTfwMqG3pvDxF
CoVPYAJtqvXPFqpxrc7vkKdwyrNHS99egpeusrd9Qfe2dPudJnGp
CoVzbz6XDNXJ7euyYtqgN97VMn2niWfZp1ACKF4WLn3YMB4FQJ4m
CoW5GhoQTCoyyGGNMwQ2UKD4XU39m8nYYLdraPswSmqwwg997W8E
CoVLJ4q4FwK2sF2UZ7M4gb7FYXvgbomPS5x7kSzwmqie7U4HZQFQ
CoVzetw2BsuirNDP9DXpXpPZmEpyFutr4brQDYoKPFY5mLwdgM6k
CoVWFFjFsiaTJdQDHZD1kM5nNF6hBhD5UHcgchAiWYCmY5PKQ6GZ
CoVjrtMw1u2XuWHmPsq8ztJMzaxnEF1U4d8xJeJb1G2M9Dd9RWEi
CoVCeoLj3WXMpoDLiKJCPLysiBw45bYV9z23in3gDaN6jJnpqW3n
CoW6Pp7qQ1JYYXkTHn8hjboYjsq7UVZX6cpa1QK83WhW2Sgk7dwN
CoW8wJjkoNTGru96c57GpLm7sEJsxhk1EdEu5axqn2qMjHZpARjF
CoV45AFjDdWuDryn4n5Kn9R5cKsjVyrpWPLDuUKh5roJi4Q7buzJ
CoWYzaBHuQcHpMM9dBquDMqzPzCgk2TqiVxwynqhWNWmNac8znph
CoVSyjCQPzrG8vHnz8Qr7pJ83BZX8HB1gfRKQRoZb3CZn1LWodhw
CoV4s16np25UkMKtDTmzLGFHXyjJJGTnx8PWSPkxpc2QaDMNH3Np
CoVLvnkFtScRmooirNA4yoh1k2tJUAKLECukxoGZfejWrnX3HG4Y
CoWGYHHFQr4YTXip9FvgAwqaRfwu8TiKwykGnKPM2LEwmVuKLRQ1
CoVNP9BGD7JGGvL8utXrGkY3VEkk7QuDZUTVtQXk5Jtkg2DjXVRR
CoWMA8fxyocsfR5jUMnokY75woS16ziBN2RgegktQQpstALQVGGM
CoWTPJnSjUvAtbAPtqaoXknRHMDPR8HvCujpuzoxiPVrcjPsrZ9r
CoUk24hfuj5EdnADWXtK7uXqKgbMiGeZYzoXN594i2JTnhA4crn8
