CoVeXTyDy7Gz1u8BoErDiNun4gcBN8Cn8R1h8AKKBudvvyQ9kX4k
CoVMdnmhTQTDoEurCqeJoc3iNU6m5HQa8XjnxffR31o1pqnfuXmp
CoUkqacFkJSNVwQ3wbu39RDBJyuYCzro2y1wbWuWuWKmf6VnhtBa
CoVFgg4CZKiQ3mMb6BijF1bsHCC12gLmjSYedKP9gcdQQV1diHMz
CoV1Go4SYeXqztry6QNaVSiBfF9L38pJSFaBGNrGgYnZxdK6M32y
CoVSSzcSSzjc3zh2nAsX2wJBLPccJbBFBB4iNhmiC7aNQUwL1R3i
CoWVwAaJ3sp9DmUpBWkmJzcn5boFuitTjXKJpJLySersAxFDW6wf
CoUjSn4AaahZJP2D6Z3Jq6GMXpBCkNyKuCRVAZGGsQjBELAeSUaQ
CoW3Bjk3GmXv2EvMtWdaQwS3QTKzWQRod6PtvMAr7hadDY284FNb
CoWFfBe3oevGnGNAR4eRymdjw19gtCvh9FAqNAvPoscYHw6nF3xX
CoW1EcJq9PoaU9dNUeQnqjaouFbMPcMu6rWAtHpjUzsz9vFswFhW
CoVW2fXqMR5oCj4wozYvCTW1z5YM9qMkrkowrBFFkMZexgeAMffd
CoVt55oYseGkPVHphsWZmSdYTAsoFWPeUtDjZpxu4SEQAeVjNibD
CoW6zyqnNPPkJ4U7b6QXYT2peD5cHLAWhuXTTX86uwv5zqVn12az
CoUqHMjjj5MjX4CM9SR2x3eVc6GkSdLcQUv2GAXtpmz76Qi7Y9Pv
CoVyoS2YVCJWLqdozG5sdp52WeStb8T8ndv7mecXER7qMBJZoT4y
CoW4Th7KUnHdpXJtKPdDAmpnqpyUYUYXar4QqhYVCYuTakcVK7wm
CoW1nMNxQuumydcxuCZ1aWb2oWdtJAxsF1nzPXJXzxrB3u6o7k8g
CoUwaFtXEDBHaT8bZXF3da3Ck22bQpPhJa8W22mFYyRxNu3inn8a
CoVnWcHELoJfekdyWWVHRMBvFRqo5bLcgvK7Tp81W6yz25pXEc8b
CoUmtRgp8uuEHKHdmHdWpYg727BNb19HTSTNX9Pn7wF2aDKffkWq
CoVQ7fnY46h4jdVykZc9xaN3R2tNM9JpKB44CWWTaWbLikxkcngZ
CoWBanBby4arhRc62Dqfv3WwJFd8Lm1ZpZNY7BvndittiYP6j1my
CoW4D9uCjMje34sZYP7HPrNDFErDdijRMp91uEz4Gz7yLeA6ZTKB
CoVmKYRsyN3QK9eQFPL3D47b7HVXUPaHeQSwnyMEFSD6q3wggkwi
CoVuF82xS1LpKjZpHrTKQ5NQ35dZ6y6kSKRJ7GeGnBbVCWf2hsJF
CoVfGY8bQEu1tsrm5ebcBz23rGx79EeCPcu3dFAwLkihCGqBNHRk
CoW8yGjDYBBTmpK8hJu2e2RCm5YKE5SSS2CJSvU8V6Peywpka3UE
CoWa2UbUf77p5uw5D6ThJdb1zJPHzmAjHR4uJ23U72qFfuVb67g9
CoWCtUyRH9Y6mHT8QZiJycUx1u8M5t7s5Tm4wQ5Hu5kaWELN3K96
CoW7oGf15zJMcpPu9Zj1RB1KQPKAMdMDNpZpRAe5PGvYY6LtbcaX
CoV9zaTSRKpMz2bvu8osCeny3DxvR91iQPEwn9XD1U4sMYUBu7tm
CoVhyEvrpmSkVRpJyTeRoNCz2BXPeUdjq3DXBHCQQ2s6KXh6YHV6
CoV7sbPS3sxihDks1kjz4bxfdS2RrJKtK8yC12mx6cbYg4gDNDkY
CoV62ACvdS3BXiSRfryXiNoi5cgV65XTaYmZi6G35gSbadYxdTcF
CoVLonsugJaPqCRrpMcCHELhQqW1Zo9DGNzA3GZLb35BkohupJLs
CoVt56hpiEFikCVcvMLnjNeGYhAhjCrP8DJMUzFY4AAWv3nDLc9s
CoUtyPJp4AgGkFHVrGefHvNEoEWwrgCc8PKx8oFCaoyhBdduS6Gc
CoVeA3rnvpVDSabV1T3qqAYxoHNYyixmHNrjZZxhzM3AF3zgn9TN
CoUtakBn55Z7nWsWEiQkdkRpzfecquhb1TwjqLC2BzFD9rWmz5Xv
CoW8BZrMQ5qoRcYbhiEEkJLbDgFnTrQSvdVxsbpkN5TMwXEuXDXy
CoVoc1HGs9k6Lrh5Qk54EZfQt8qnbnWgyRxUQNcfKGKHBKXCsqiL
CoW7ucG6dtDMrKY6kGUwVWDfrzrEEFBuo7rTnwqkbJUaWtVf1unQ
CoVTGyTuJdUNm43j1QTaPP57FRqoDUT1KXTTymUzc4Nt6r22vboh
CoVYEVVAqWUSa6rkPMsRnx9CiDBPyKU3NyttyV54aS9Pcv2B7rhg
CoWawmoPTCzjM8PW31CBWPKkU4nUArK7CZUv2RPGdEBbFyzTCjMX
CoWGxvR5QcFLfMU1NMpXVqq7teLmfz5xcncqEMkVFQ3D5tdNiWXT
CoVjp4KihwciYG6VqWYYi9ZeqBkHoRxTs8zVGh9MxpiSXe9XihJJ
CoWSz9QKAfMLwiJKTYz9umeKxR9ABVNYXcrttK6fdnCnSCPgMk3c
CoVvnuMYrpKL2ZPYXkcUAmFeSQe6EKhZWUGSYLa4bA9dLqnWYyJs
CoVc5RWJZ1XQv4665JhoYH9wJCUkVqQwbrHfC7RkAZADvtSYsban
CoUiMoiNJ4AodEwgSXWxghaj7miQrWUAtsZbjD5UyosnjrLrFcAv
CoWMu7gyVKQaoUqZ32WQcNDuAKiuPMn7uY9MZmkR2BULvzEGHxS6
CoWLKZznJvfSWv6yzB1S4Wrgv4cazj78oPq9RE3e9zFNHBteQedw
CoVpSU9QTvXtr4tdhZ5Lfsm61WZoQtQRFhgHbZK5SsDEq6swspb8
CoVWwLwj84vLiXNiSUj8BmUTtrJXfxAtAYT5HjuKjRssEtjEZAju
CoVMPb6jGsPaQxZgKKS1BrprJi6JDsRjKs1iDyL5psLUAjXYahh1
CoVMTzdQptmcaUr1yomVWEk4DsmazmYBydVbmxsbN93JKNS2dAer
CoW4QyZz6uwKTDP77FAkio7UgkfivNJTvoFfcq2BDgYbbm1RzFYk
CoW6WfKkt2mc2xhm16MPgXARQJ7XPv4yRXCCxvxqerSyHJZgYjmw
CoWMn6iqRPcf74nCtU8qt19C6wSMmDcRtV8zmEiTCGYCLyYhCjhM
CoUt4iUC7jXcrK2n1SSZUbyagKEGHSN8ibCsHjh8xxWW4vPWitih
CoV4VDnLkXCBsaVbRu3g3dx3nj2p5Xops64wuEcha6kHfaitLPRy
CoUrXUyTqfEBsyHXpv7frtuZJFmLs68AetQV18LvDY9kY77JcYu5
CoWDpNWA6fRj42Yt6cUTAM3gub9zEeENc96PCqXEb9w9coc4c3k7
CoVEJQcXyVYF1H1rqUDK3sZfarsNhDhSWsJHqd3B49t2D3Av3Ex6
CoV4qL7f5pQzzFcViKGkRxYXEb3eCxMuKGvkHMCxSA3a92ayyReb
CoVMn9Lo9ZeMVqYvJj11XjuiLdaKaRPuUUKYzq8uFKcezcPUPUCK
CoVSFetMD158FATKS6Ckvr7kQm4drmEmfwoyu1LJyJspZvoM1DaX
CoUvCfrL5q9dUMQ3rxrSHCDBYKm1crsSdhU2v264LSUZFW9Bo92E
CoWAD3sXZPFPVYn1HvvZj5QzzMfoCJmQUwb3v7kZrgS3ar8aEATD
CoWJW48kPdkmhz83i8Z4AESw3C6iJPLaMRZHtfeZim4w9D3ceoMM
CoWSpyPHXP7SEba6yfFG3kve36dtNHr4wEcYQhAM5W6G5xsJoAL5
CoWZv9M1vNAUk5WYNVUPPwAviZveix6uSVpZR5WNobhh8YR3CxN8
CoWPfcJYng15yw3Et9jGFH23WyN9MWewHxdBsPSPcYhs3ncYUugs
CoUgeHXLf5Rx4kkzNUf1PvDJhA2wsKRWb9FMxbbGuuUJpfNsq9H7
CoV2yeT5XCrUNrm7wC3kPDMDuFiPD1iFSYqctxrDBnA2koBm4Xre
CoV5Y6JaxS3LwiuYYvSiW7ktGi5o6ZVBmW6bzHYW46b5eHf4CyKi
CoUqWdLVaH6UhbuGyiTGKuTZXCYZ6jSoiELXcUXJFjTA8T4MRmrq
CoW6M4EnUYNMnUJiuivLqctJ2HnpESg6fsp6wdphEkgucf8WrRrh
CoVXb2HUDCrsTreqgYtW7F5j3ZnZ6rPVDPn3t1VgoYpCwsf3KSCf
CoVk9t1SBxapLUzzoE8CgFmfrNJMKxSVuU7YkND1K7SqPjqRT5SS
CoV1bruswfbFdQ8MdqkVwuPHJevcKWm2k3YaMHsoULng6x2kPkji
CoV8kGVkdKRdSbZDoceV194855UiU4KNMYiEs6xA7CRgistDaw8Q
CoVwvytE1RPE3foL4Bxo3u2QSsjVUUjMgfRKVjBkfpyWh2EztHXb
CoV6U2mKwuz5Ngb71B1gCatWwxx6pQqcpao4i6qy2GtuGSb1BVWL
CoVf3BUwxEQu1ZY6RzefqHFiesZZ5yjGLbjJo78XCt6mjxXEWiBt
CoUzM4xWy8ydJwir4v8VE8vdVPZiyyjcEtPQnCATe29psb4hJ5mC
CoUqRhdhhb3ZHCH8z1ZwBefo2ACioge45NkTyPDRC2Fn8AoSMZnc
CoVsKbc93q4MNgBaqcaGyKExc11nBKo5priVeqgPFs2uVrdNtwbq
CoVakASJ6ysLrYj1W7QwRpBSfpiKnDXhWbpyEu6Zt9UQsNvVw5ag
CoWTNa15cDTG3CWaxHbjjCtfNc8e7xbKb7fCXejpFYhubghxR2U1
CoUgmzaV8HHFkPmn6HTH4KWQ3yoF61aWyUqNx4s5ngAkA862PuA4
CoVEQZNdKrmKiSxPDygcuHuSiAX8nBqCHxRCt1DPLb9Zrx5UkhnQ
CoVuc5aUV3V9UnQz4VM6FPf6zvMJZfMi4imAeP6L8gU3dG7YNnyE
CoVBa4a3q8FmfRYaf5JauUfNPRAcrH6fENKhcdEYYzMXnWqUorw5
CoUmWMdQJ6XLx3zhsVEMdjh3eGnLj5EsKR1bDp8EMUXSDsYqhduA
CoUycm8VUfAQdZFbJqDCAFTCy8BaB9xebs8rYgG8qujUnxFgDJwW
CoV1be4cARQxBS1LsNZ2R3MBcSL2i5sD4jWQ7k6sfzsfDWGBUkPV
CoV3mQAaMJvaHd7iha4S8FKZPBjfzQkYXEiNfd8ejs5Xiw7mXxLJ
CoWS81Le4RYt3W7xtTY35UBRqhof2SMX1xKxrJeK12Rhoih6R7xD
CoV7EYzsWbpPb4ixBNaXTvCq1DRNhaMYS7wZnVvxRYmh8uAXCdTB
CoV5FXPrJixnhXS8XXxnUnDusoB9qaXHRskj7XyQ2ooPxf2k2HFn
CoVKWYpi2ShhvVrxadnUGZayouLP1bhe7ZSBtwYxME3giraHGTzV
CoVd8zWdsFDB923QvgwBNwv31WYPjtJZELq8DQbgabkNGg2tScEX
CoWWf7KcmYZg56rTVNQqXNju8gQpyLv4j8ifBG3khv2j5TSLZEJr
CoWaDhbbHaaKT5TCKDKAi4WJ3mjxjuan1aTsX6ToUCs1YvQesb2v
CoV1ZtrYXV9NzCyYEEqmTZsTH3FkS3CdCghESSPVUUWFFQxXB2nB
CoVh5hLsXaj4WmQX5cfun5TYFABvF4SB9J8aVo5BmBSeRny411CM
